[GIN-debug] [WARNING] Creating an Engine instance with the Logger and Recovery middleware already attached.

[GIN-debug] [WARNING] Running in "debug" mode. Switch to "release" mode in production.
 - using env:	export GIN_MODE=release
 - using code:	gin.SetMode(gin.ReleaseMode)

[GIN-debug] POST   /go/Login                 --> unify/internal/handler.LogIn (5 handlers)
[GIN-debug] POST   /go/SignUp                --> unify/internal/handler.TemporarySignUp (5 handlers)
[GIN-debug] POST   /go/Registration          --> unify/internal/handler.SignUp (5 handlers)
[GIN-debug] POST   /go/Modify                --> unify/internal/handler.ModifyCustomer (5 handlers)
[GIN-debug] DELETE /go/DeleteCustomer        --> unify/internal/handler.DeleteCustomer (5 handlers)
[GIN-debug] POST   /go/SessionEnd            --> unify/internal/handler.LogOut (5 handlers)
[GIN-debug] GET    /go/GetCustomer           --> unify/internal/handler.GetCustomer (5 handlers)
[GIN-debug] GET    /go/GetTransactions       --> unify/internal/handler.GetTransaction (5 handlers)
[GIN-debug] GET    /go/CreateStripeAccount   --> unify/internal/handler.CreateStripeAccount (5 handlers)
[GIN-debug] POST   /go/PostCart              --> unify/internal/handler.PostCart (5 handlers)
[GIN-debug] GET    /go/GetCart               --> unify/internal/handler.GetCart (5 handlers)
[GIN-debug] POST   /go/Transaction           --> unify/internal/handler.BuyItem (5 handlers)
[GIN-debug] POST   /go/stripe                --> unify/internal/handler.Webhook (5 handlers)
[GIN-debug] GET    /go/item/top              --> unify/internal/handler.Top (5 handlers)
[GIN-debug] GET    /go/item/all              --> unify/internal/handler.ALL (5 handlers)
[GIN-debug] GET    /go/item/details          --> unify/internal/handler.ItemDetails (5 handlers)
[GIN-debug] GET    /go/item/category/:category --> unify/internal/handler.Category (5 handlers)
[GIN-debug] GET    /go/item/color/:color     --> unify/internal/handler.Color (5 handlers)
[GIN-debug] [WARNING] You trusted all proxies, this is NOT safe. We recommend you to set a value.
Please check https://pkg.go.dev/github.com/gin-gonic/gin#readme-don-t-trust-all-proxies for details.
[GIN-debug] Listening and serving HTTP on :8080
[GIN] 2023/09/15 - 04:30:08 | 204 |      45.275µs |             ::1 | OPTIONS  "/go/GetCustomer"
[GIN] 2023/09/15 - 04:30:08 | 200 |     387.971µs |       127.0.0.1 | GET      "/go/GetCustomer"
[GIN] 2023/09/15 - 04:30:34 | 204 |      74.526µs |             ::1 | OPTIONS  "/go/Login"
