[GIN-debug] [WARNING] Creating an Engine instance with the Logger and Recovery middleware already attached.

[GIN-debug] [WARNING] Running in "debug" mode. Switch to "release" mode in production.
 - using env:	export GIN_MODE=release
 - using code:	gin.SetMode(gin.ReleaseMode)

[GIN-debug] POST   /go/Login                 --> unify/internal/handler.LogIn (5 handlers)
[GIN-debug] POST   /go/SignUp                --> unify/internal/handler.TemporarySignUp (5 handlers)
[GIN-debug] POST   /go/Registration          --> unify/internal/handler.SignUp (5 handlers)
[GIN-debug] POST   /go/Modify                --> unify/internal/handler.ModifyCustomer (5 handlers)
[GIN-debug] DELETE /go/DeleteCustomer        --> unify/internal/handler.DeleteCustomer (5 handlers)
[GIN-debug] POST   /go/SessionEnd            --> unify/internal/handler.LogOut (5 handlers)
[GIN-debug] GET    /go/GetCustomer           --> unify/internal/handler.GetCustomer (5 handlers)
[GIN-debug] GET    /go/GetTransactions       --> unify/internal/handler.GetTransaction (5 handlers)
[GIN-debug] GET    /go/CreateStripeAccount   --> unify/internal/handler.CreateStripeAccount (5 handlers)
[GIN-debug] POST   /go/PostCart              --> unify/internal/handler.PostCart (5 handlers)
[GIN-debug] GET    /go/GetCart               --> unify/internal/handler.GetCart (5 handlers)
[GIN-debug] POST   /go/Transaction           --> unify/internal/handler.BuyItem (5 handlers)
[GIN-debug] POST   /go/stripe                --> unify/internal/handler.Webhook (5 handlers)
[GIN-debug] GET    /go/item/top              --> unify/internal/handler.Top (5 handlers)
[GIN-debug] GET    /go/item/all              --> unify/internal/handler.ALL (5 handlers)
[GIN-debug] GET    /go/item/details          --> unify/internal/handler.ItemDetails (5 handlers)
[GIN-debug] GET    /go/item/category/:category --> unify/internal/handler.Category (5 handlers)
[GIN-debug] GET    /go/item/color/:color     --> unify/internal/handler.Color (5 handlers)
[GIN-debug] [WARNING] You trusted all proxies, this is NOT safe. We recommend you to set a value.
Please check https://pkg.go.dev/github.com/gin-gonic/gin#readme-don-t-trust-all-proxies for details.
[GIN-debug] Listening and serving HTTP on :8080
[GIN] 2023/09/14 - 20:08:05 | 200 |  143.274652ms |             ::1 | POST     "/go/Login"
[GIN] 2023/09/14 - 20:08:05 | 200 |   18.383776ms |       127.0.0.1 | GET      "/go/GetCustomer"
[GIN] 2023/09/14 - 20:08:19 | 200 |   25.674606ms |             ::1 | POST     "/go/SessionEnd"
[GIN] 2023/09/14 - 20:08:43 | 200 |   76.734432ms |       127.0.0.1 | POST     "/go/SignUp"
[GIN] 2023/09/14 - 20:08:43 | 200 |   13.410498ms |             ::1 | GET      "/go/GetCustomer"
[GIN] 2023/09/14 - 20:08:49 | 200 |   37.118163ms |       127.0.0.1 | DELETE   "/go/DeleteCustomer"
[GIN] 2023/09/14 - 20:09:50 | 200 |   90.761388ms |             ::1 | POST     "/go/Login"
[GIN] 2023/09/14 - 20:09:50 | 200 |   18.386673ms |       127.0.0.1 | GET      "/go/GetCustomer"
[GIN] 2023/09/14 - 20:09:56 | 200 |   28.142709ms |             ::1 | POST     "/go/SessionEnd"
[GIN] 2023/09/14 - 20:11:20 | 200 |   88.273964ms |       127.0.0.1 | POST     "/go/Login"
[GIN] 2023/09/14 - 20:11:20 | 200 |   29.731417ms |             ::1 | GET      "/go/GetCustomer"
[GIN] 2023/09/14 - 20:11:28 | 200 |   27.317063ms |       127.0.0.1 | POST     "/go/SessionEnd"
