[GIN-debug] [WARNING] Creating an Engine instance with the Logger and Recovery middleware already attached.

[GIN-debug] [WARNING] Running in "debug" mode. Switch to "release" mode in production.
 - using env:	export GIN_MODE=release
 - using code:	gin.SetMode(gin.ReleaseMode)

[GIN-debug] POST   /go/Login                 --> github.com/WhatACotton/go-backend-test/internal/handler.LogIn (5 handlers)
[GIN-debug] POST   /go/SignUp                --> github.com/WhatACotton/go-backend-test/internal/handler.SignUp (5 handlers)
[GIN-debug] POST   /go/Registration          --> github.com/WhatACotton/go-backend-test/internal/handler.Register (5 handlers)
[GIN-debug] POST   /go/Modify                --> github.com/WhatACotton/go-backend-test/internal/handler.ModifyCustomer (5 handlers)
[GIN-debug] DELETE /go/DeleteCustomer        --> github.com/WhatACotton/go-backend-test/internal/handler.DeleteCustomer (5 handlers)
[GIN-debug] POST   /go/SessionEnd            --> github.com/WhatACotton/go-backend-test/internal/handler.LogOut (5 handlers)
[GIN-debug] GET    /go/GetCustomer           --> github.com/WhatACotton/go-backend-test/internal/handler.GetCustomer (5 handlers)
[GIN-debug] GET    /go/GetTransactions       --> github.com/WhatACotton/go-backend-test/internal/handler.GetTransaction (5 handlers)
[GIN-debug] POST   /go/PostCart              --> github.com/WhatACotton/go-backend-test/internal/handler.PostCart (5 handlers)
[GIN-debug] GET    /go/GetCart               --> github.com/WhatACotton/go-backend-test/internal/handler.GetCart (5 handlers)
[GIN-debug] POST   /go/Transaction           --> github.com/WhatACotton/go-backend-test/internal/handler.BuyItem (5 handlers)
[GIN-debug] POST   /go/stripe                --> github.com/WhatACotton/go-backend-test/internal/handler.Webhook (5 handlers)
[GIN-debug] GET    /go/item/top              --> github.com/WhatACotton/go-backend-test/internal/handler.Top (5 handlers)
[GIN-debug] GET    /go/item/all              --> github.com/WhatACotton/go-backend-test/internal/handler.ALL (5 handlers)
[GIN-debug] GET    /go/item/details          --> github.com/WhatACotton/go-backend-test/internal/handler.ItemDetails (5 handlers)
[GIN-debug] GET    /go/item/category/:category --> github.com/WhatACotton/go-backend-test/internal/handler.Category (5 handlers)
[GIN-debug] GET    /go/item/color/:color     --> github.com/WhatACotton/go-backend-test/internal/handler.Color (5 handlers)
[GIN-debug] POST   /go/Maker/AccountCreate   --> github.com/WhatACotton/go-backend-test/internal/handler.MakerStripeAccountCreate (5 handlers)
[GIN-debug] POST   /go/Maker/ItemMainCreate  --> github.com/WhatACotton/go-backend-test/internal/handler.MakerItemMainCreate (5 handlers)
[GIN-debug] POST   /go/Maker/ItemDetailCreate --> github.com/WhatACotton/go-backend-test/internal/handler.MakerItemDetailCreate (5 handlers)
[GIN-debug] POST   /go/Maker/ItemDetailModyfy --> github.com/WhatACotton/go-backend-test/internal/handler.MakerItemDetailModyfy (5 handlers)
[GIN-debug] GET    /go/Maker/MakerDetailsGet --> github.com/WhatACotton/go-backend-test/internal/handler.MakerDetailsGet (5 handlers)
[GIN-debug] POST   /go/Maker/DetailsRegister --> github.com/WhatACotton/go-backend-test/internal/handler.MakerAccountRegister (5 handlers)
[GIN-debug] [WARNING] You trusted all proxies, this is NOT safe. We recommend you to set a value.
Please check https://pkg.go.dev/github.com/gin-gonic/gin#readme-don-t-trust-all-proxies for details.
[GIN-debug] Listening and serving HTTP on :8080
[GIN] 2023/09/28 - 22:35:18 | 401 |    4.021826ms |             ::1 | GET      "/go/GetCustomer"
[GIN] 2023/09/28 - 22:35:24 | 200 |  719.009192ms |       127.0.0.1 | POST     "/go/Login"
[GIN] 2023/09/28 - 22:35:24 | 200 |   28.453896ms |             ::1 | GET      "/go/GetCustomer"
[GIN] 2023/09/28 - 22:35:27 | 200 |   37.088582ms |       127.0.0.1 | POST     "/go/PostCart"
[GIN] 2023/09/28 - 22:35:30 | 200 |  1.271509026s |             ::1 | POST     "/go/Transaction"
[GIN] 2023/09/28 - 22:35:45 | 200 |    1.288505ms |             ::1 | POST     "/go/stripe"
[GIN] 2023/09/28 - 22:35:45 | 200 |    1.122466ms |       127.0.0.1 | POST     "/go/stripe"
[GIN] 2023/09/28 - 22:35:45 | 200 |    1.285811ms |             ::1 | POST     "/go/stripe"
[GIN] 2023/09/28 - 22:35:46 | 200 |     771.207µs |       127.0.0.1 | POST     "/go/stripe"
[GIN] 2023/09/28 - 22:35:46 | 200 |     683.625µs |             ::1 | POST     "/go/stripe"
[GIN] 2023/09/28 - 22:35:46 | 200 |  1.171026596s |       127.0.0.1 | POST     "/go/stripe"
[GIN] 2023/09/28 - 22:35:48 | 200 |   11.880017ms |       127.0.0.1 | GET      "/go/GetCustomer"
[GIN] 2023/09/29 - 13:26:10 | 200 |   12.612987ms |             ::1 | GET      "/go/GetCustomer"
[GIN] 2023/09/29 - 15:29:29 | 404 |       8.457µs |       127.0.0.1 | GET      "/go/Item/Top"
[GIN] 2023/09/29 - 15:30:11 | 404 |      20.692µs |             ::1 | GET      "/go/Item/Top"
[GIN] 2023/09/29 - 15:31:05 | 200 |   11.264502ms |       127.0.0.1 | GET      "/go/GetCustomer"
[GIN] 2023/09/29 - 15:31:07 | 404 |      18.527µs |             ::1 | GET      "/go/Item/top"
[GIN] 2023/09/29 - 15:31:28 | 200 |   15.650661ms |       127.0.0.1 | GET      "/go/GetCustomer"
[GIN] 2023/09/29 - 15:31:31 | 200 |    4.125004ms |             ::1 | GET      "/go/item/top"
