[GIN-debug] [WARNING] Creating an Engine instance with the Logger and Recovery middleware already attached.

[GIN-debug] [WARNING] Running in "debug" mode. Switch to "release" mode in production.
 - using env:	export GIN_MODE=release
 - using code:	gin.SetMode(gin.ReleaseMode)

[GIN-debug] POST   /go/Login                 --> github.com/WhatACotton/go-backend-test/internal/handler.LogIn (5 handlers)
[GIN-debug] POST   /go/SignUp                --> github.com/WhatACotton/go-backend-test/internal/handler.SignUp (5 handlers)
[GIN-debug] POST   /go/Registration          --> github.com/WhatACotton/go-backend-test/internal/handler.Register (5 handlers)
[GIN-debug] POST   /go/Modify                --> github.com/WhatACotton/go-backend-test/internal/handler.ModifyCustomer (5 handlers)
[GIN-debug] DELETE /go/DeleteCustomer        --> github.com/WhatACotton/go-backend-test/internal/handler.DeleteCustomer (5 handlers)
[GIN-debug] POST   /go/SessionEnd            --> github.com/WhatACotton/go-backend-test/internal/handler.LogOut (5 handlers)
[GIN-debug] GET    /go/GetCustomer           --> github.com/WhatACotton/go-backend-test/internal/handler.GetCustomer (5 handlers)
[GIN-debug] GET    /go/GetTransactions       --> github.com/WhatACotton/go-backend-test/internal/handler.GetTransaction (5 handlers)
[GIN-debug] POST   /go/PostCart              --> github.com/WhatACotton/go-backend-test/internal/handler.PostCart (5 handlers)
[GIN-debug] GET    /go/GetCart               --> github.com/WhatACotton/go-backend-test/internal/handler.GetCart (5 handlers)
[GIN-debug] POST   /go/Transaction           --> github.com/WhatACotton/go-backend-test/internal/handler.BuyItem (5 handlers)
[GIN-debug] POST   /go/stripe                --> github.com/WhatACotton/go-backend-test/internal/handler.Webhook (5 handlers)
[GIN-debug] GET    /go/item/top              --> github.com/WhatACotton/go-backend-test/internal/handler.Top (5 handlers)
[GIN-debug] GET    /go/item/all              --> github.com/WhatACotton/go-backend-test/internal/handler.ALL (5 handlers)
[GIN-debug] GET    /go/item/details          --> github.com/WhatACotton/go-backend-test/internal/handler.ItemDetails (5 handlers)
[GIN-debug] GET    /go/item/category/:category --> github.com/WhatACotton/go-backend-test/internal/handler.Category (5 handlers)
[GIN-debug] GET    /go/item/color/:color     --> github.com/WhatACotton/go-backend-test/internal/handler.Color (5 handlers)
[GIN-debug] GET    /go/item/maker/:MakerName --> github.com/WhatACotton/go-backend-test/internal/handler.ItemMakerGet (5 handlers)
[GIN-debug] POST   /go/Maker/AccountCreate   --> github.com/WhatACotton/go-backend-test/internal/handler.MakerStripeAccountCreate (5 handlers)
[GIN-debug] POST   /go/Maker/ItemMainCreate  --> github.com/WhatACotton/go-backend-test/internal/handler.MakerItemMainCreate (5 handlers)
[GIN-debug] POST   /go/Maker/ItemDetailCreate --> github.com/WhatACotton/go-backend-test/internal/handler.MakerItemDetailCreate (5 handlers)
[GIN-debug] POST   /go/Maker/ItemDetailModyfy --> github.com/WhatACotton/go-backend-test/internal/handler.MakerItemDetailModyfy (5 handlers)
[GIN-debug] GET    /go/Maker/Details         --> github.com/WhatACotton/go-backend-test/internal/handler.MakerDetailsGet (5 handlers)
[GIN-debug] POST   /go/Maker/DetailsRegister --> github.com/WhatACotton/go-backend-test/internal/handler.MakerAccountRegister (5 handlers)
[GIN-debug] [WARNING] You trusted all proxies, this is NOT safe. We recommend you to set a value.
Please check https://pkg.go.dev/github.com/gin-gonic/gin#readme-don-t-trust-all-proxies for details.
[GIN-debug] Listening and serving HTTP on :8080
[GIN] 2023/10/04 - 21:15:03 | 200 |  130.016597ms |             ::1 | POST     "/go/Login"
[GIN] 2023/10/04 - 21:15:04 | 200 |   31.640542ms |       127.0.0.1 | GET      "/go/GetCustomer"
[GIN] 2023/10/04 - 21:15:24 | 200 |   18.616333ms |             ::1 | GET      "/go/GetCart"
[GIN] 2023/10/04 - 21:15:35 | 200 |   31.924349ms |       127.0.0.1 | GET      "/go/Maker/Details"
[GIN] 2023/10/04 - 21:16:24 | 200 |   39.468374ms |             ::1 | POST     "/go/PostCart"
[GIN] 2023/10/04 - 21:16:43 | 200 |    33.19878ms |       127.0.0.1 | POST     "/go/PostCart"
[GIN] 2023/10/04 - 21:16:46 | 200 |   45.596623ms |             ::1 | GET      "/go/GetCart"
[GIN] 2023/10/04 - 21:16:56 | 200 |  657.260964ms |       127.0.0.1 | POST     "/go/Transaction"
[GIN] 2023/10/04 - 21:17:19 | 200 |     911.614µs |             ::1 | POST     "/go/stripe"
[GIN] 2023/10/04 - 21:17:19 | 200 |     436.072µs |       127.0.0.1 | POST     "/go/stripe"
[GIN] 2023/10/04 - 21:17:19 | 200 |     201.474µs |             ::1 | POST     "/go/stripe"
[GIN] 2023/10/04 - 21:17:20 | 200 |     393.856µs |             ::1 | POST     "/go/stripe"
[GIN] 2023/10/04 - 21:17:20 | 200 |     393.727µs |       127.0.0.1 | POST     "/go/stripe"
[GIN] 2023/10/04 - 21:17:20 | 200 |     741.335µs |             ::1 | POST     "/go/stripe"
[GIN] 2023/10/04 - 21:17:20 | 200 |  1.558600641s |       127.0.0.1 | POST     "/go/stripe"
[GIN] 2023/10/04 - 21:17:22 | 200 |     199.089µs |       127.0.0.1 | POST     "/go/stripe"
[GIN] 2023/10/04 - 21:17:22 | 200 |   36.718449ms |             ::1 | GET      "/go/GetCustomer"
[GIN] 2023/10/04 - 21:18:20 | 200 |     582.071µs |       127.0.0.1 | POST     "/go/stripe"
[GIN] 2023/10/04 - 21:18:21 | 200 |     326.678µs |             ::1 | POST     "/go/stripe"
[GIN] 2023/10/04 - 21:22:19 | 200 |  110.672506ms |       127.0.0.1 | GET      "/go/GetTransactions"
[GIN] 2023/10/04 - 21:25:38 | 200 |   17.521675ms |             ::1 | POST     "/go/SessionEnd"
[GIN] 2023/10/04 - 21:25:41 | 200 |  118.968588ms |       127.0.0.1 | POST     "/go/Login"
[GIN] 2023/10/04 - 21:25:41 | 200 |   18.590637ms |             ::1 | GET      "/go/GetCustomer"
