[GIN-debug] [WARNING] Creating an Engine instance with the Logger and Recovery middleware already attached.

[GIN-debug] [WARNING] Running in "debug" mode. Switch to "release" mode in production.
 - using env:	export GIN_MODE=release
 - using code:	gin.SetMode(gin.ReleaseMode)

[GIN-debug] POST   /go/Login                 --> github.com/WhatACotton/go-backend-test/internal/handler.LogIn (5 handlers)
[GIN-debug] POST   /go/SignUp                --> github.com/WhatACotton/go-backend-test/internal/handler.SignUp (5 handlers)
[GIN-debug] POST   /go/Registration          --> github.com/WhatACotton/go-backend-test/internal/handler.Register (5 handlers)
[GIN-debug] POST   /go/Modify                --> github.com/WhatACotton/go-backend-test/internal/handler.ModifyCustomer (5 handlers)
[GIN-debug] DELETE /go/DeleteCustomer        --> github.com/WhatACotton/go-backend-test/internal/handler.DeleteCustomer (5 handlers)
[GIN-debug] POST   /go/SessionEnd            --> github.com/WhatACotton/go-backend-test/internal/handler.LogOut (5 handlers)
[GIN-debug] GET    /go/GetCustomer           --> github.com/WhatACotton/go-backend-test/internal/handler.GetCustomer (5 handlers)
[GIN-debug] GET    /go/GetTransactions       --> github.com/WhatACotton/go-backend-test/internal/handler.GetTransaction (5 handlers)
[GIN-debug] POST   /go/PostCart              --> github.com/WhatACotton/go-backend-test/internal/handler.PostCart (5 handlers)
[GIN-debug] GET    /go/GetCart               --> github.com/WhatACotton/go-backend-test/internal/handler.GetCart (5 handlers)
[GIN-debug] POST   /go/Transaction           --> github.com/WhatACotton/go-backend-test/internal/handler.BuyItem (5 handlers)
[GIN-debug] POST   /go/stripe                --> github.com/WhatACotton/go-backend-test/internal/handler.Webhook (5 handlers)
[GIN-debug] GET    /go/item/top              --> github.com/WhatACotton/go-backend-test/internal/handler.Top (5 handlers)
[GIN-debug] GET    /go/item/all              --> github.com/WhatACotton/go-backend-test/internal/handler.ALL (5 handlers)
[GIN-debug] GET    /go/item/details          --> github.com/WhatACotton/go-backend-test/internal/handler.ItemDetails (5 handlers)
[GIN-debug] GET    /go/item/category/:category --> github.com/WhatACotton/go-backend-test/internal/handler.Category (5 handlers)
[GIN-debug] GET    /go/item/color/:color     --> github.com/WhatACotton/go-backend-test/internal/handler.Color (5 handlers)
[GIN-debug] POST   /go/Maker/AccountCreate   --> github.com/WhatACotton/go-backend-test/internal/handler.MakerStripeAccountCreate (5 handlers)
[GIN-debug] POST   /go/Maker/ItemMainCreate  --> github.com/WhatACotton/go-backend-test/internal/handler.MakerItemMainCreate (5 handlers)
[GIN-debug] POST   /go/Maker/ItemDetailCreate --> github.com/WhatACotton/go-backend-test/internal/handler.MakerItemDetailCreate (5 handlers)
[GIN-debug] POST   /go/Maker/ItemDetailModyfy --> github.com/WhatACotton/go-backend-test/internal/handler.MakerItemDetailModyfy (5 handlers)
[GIN-debug] GET    /go/Maker/Details         --> github.com/WhatACotton/go-backend-test/internal/handler.MakerDetailsGet (5 handlers)
[GIN-debug] POST   /go/Maker/DetailsRegister --> github.com/WhatACotton/go-backend-test/internal/handler.MakerAccountRegister (5 handlers)
[GIN-debug] [WARNING] You trusted all proxies, this is NOT safe. We recommend you to set a value.
Please check https://pkg.go.dev/github.com/gin-gonic/gin#readme-don-t-trust-all-proxies for details.
[GIN-debug] Listening and serving HTTP on :8080
[GIN] 2023/09/29 - 17:39:59 | 401 |    8.004322ms |       127.0.0.1 | GET      "/go/GetCustomer"
[GIN] 2023/09/29 - 17:40:05 | 200 |  131.971153ms |             ::1 | POST     "/go/Login"
[GIN] 2023/09/29 - 17:40:05 | 200 |   30.622008ms |       127.0.0.1 | GET      "/go/GetCustomer"
[GIN] 2023/09/29 - 17:40:16 | 200 |    54.75006ms |             ::1 | POST     "/go/Maker/DetailsRegister"
[GIN] 2023/09/29 - 17:41:36 | 200 |   20.193248ms |       127.0.0.1 | POST     "/go/Maker/DetailsRegister"
[GIN] 2023/09/29 - 17:41:36 | 200 |   34.215788ms |             ::1 | POST     "/go/Maker/DetailsRegister"
[GIN] 2023/09/29 - 17:44:09 | 200 |   16.017774ms |       127.0.0.1 | GET      "/go/GetCustomer"
[GIN] 2023/09/29 - 17:44:12 | 200 |   21.824437ms |             ::1 | POST     "/go/Maker/DetailsRegister"
[GIN] 2023/09/29 - 17:44:31 | 200 |   36.964247ms |       127.0.0.1 | POST     "/go/Maker/DetailsRegister"
[GIN] 2023/09/29 - 17:47:53 | 200 |   30.070638ms |             ::1 | GET      "/go/Maker/Details"
[GIN] 2023/09/29 - 17:48:22 | 200 |   33.686518ms |       127.0.0.1 | GET      "/go/Maker/Details"
[GIN] 2023/09/29 - 17:48:41 | 200 |    3.963466ms |             ::1 | GET      "/go/item/top"
[GIN] 2023/09/29 - 17:48:41 | 200 |    1.200412ms |       127.0.0.1 | GET      "/go/item/top"
[GIN] 2023/09/29 - 17:53:01 | 200 |   14.836509ms |             ::1 | GET      "/go/GetCustomer"
[GIN] 2023/09/29 - 17:53:02 | 200 |   26.880944ms |       127.0.0.1 | GET      "/go/GetCustomer"
[GIN] 2023/09/29 - 17:53:03 | 200 |    3.024294ms |             ::1 | GET      "/go/item/all"
[GIN] 2023/09/29 - 17:55:21 | 200 |    3.630103ms |       127.0.0.1 | GET      "/go/item/all"
