[GIN-debug] [WARNING] Creating an Engine instance with the Logger and Recovery middleware already attached.

[GIN-debug] [WARNING] Running in "debug" mode. Switch to "release" mode in production.
 - using env:	export GIN_MODE=release
 - using code:	gin.SetMode(gin.ReleaseMode)

[GIN-debug] POST   /go/Login                 --> github.com/WhatACotton/go-backend-test/internal/handler.LogIn (5 handlers)
[GIN-debug] POST   /go/SignUp                --> github.com/WhatACotton/go-backend-test/internal/handler.SignUp (5 handlers)
[GIN-debug] POST   /go/Registration          --> github.com/WhatACotton/go-backend-test/internal/handler.Register (5 handlers)
[GIN-debug] POST   /go/Modify                --> github.com/WhatACotton/go-backend-test/internal/handler.ModifyCustomer (5 handlers)
[GIN-debug] DELETE /go/DeleteCustomer        --> github.com/WhatACotton/go-backend-test/internal/handler.DeleteCustomer (5 handlers)
[GIN-debug] POST   /go/SessionEnd            --> github.com/WhatACotton/go-backend-test/internal/handler.LogOut (5 handlers)
[GIN-debug] GET    /go/GetCustomer           --> github.com/WhatACotton/go-backend-test/internal/handler.GetCustomer (5 handlers)
[GIN-debug] GET    /go/GetTransactions       --> github.com/WhatACotton/go-backend-test/internal/handler.GetTransaction (5 handlers)
[GIN-debug] POST   /go/PostCart              --> github.com/WhatACotton/go-backend-test/internal/handler.PostCart (5 handlers)
[GIN-debug] GET    /go/GetCart               --> github.com/WhatACotton/go-backend-test/internal/handler.GetCart (5 handlers)
[GIN-debug] POST   /go/Transaction           --> github.com/WhatACotton/go-backend-test/internal/handler.BuyItem (5 handlers)
[GIN-debug] POST   /go/stripe                --> github.com/WhatACotton/go-backend-test/internal/handler.Webhook (5 handlers)
[GIN-debug] GET    /go/item/top              --> github.com/WhatACotton/go-backend-test/internal/handler.Top (5 handlers)
[GIN-debug] GET    /go/item/all              --> github.com/WhatACotton/go-backend-test/internal/handler.ALL (5 handlers)
[GIN-debug] GET    /go/item/details          --> github.com/WhatACotton/go-backend-test/internal/handler.ItemDetails (5 handlers)
[GIN-debug] GET    /go/item/category/:category --> github.com/WhatACotton/go-backend-test/internal/handler.Category (5 handlers)
[GIN-debug] GET    /go/item/color/:color     --> github.com/WhatACotton/go-backend-test/internal/handler.Color (5 handlers)
[GIN-debug] POST   /go/Maker/AccountCreate   --> github.com/WhatACotton/go-backend-test/internal/handler.MakerStripeAccountCreate (5 handlers)
[GIN-debug] POST   /go/Maker/ItemMainCreate  --> github.com/WhatACotton/go-backend-test/internal/handler.MakerItemMainCreate (5 handlers)
[GIN-debug] POST   /go/Maker/ItemDetailCreate --> github.com/WhatACotton/go-backend-test/internal/handler.MakerItemDetailCreate (5 handlers)
[GIN-debug] POST   /go/Maker/ItemDetailModyfy --> github.com/WhatACotton/go-backend-test/internal/handler.MakerItemDetailModyfy (5 handlers)
[GIN-debug] GET    /go/Maker/MakerDetailsGet --> github.com/WhatACotton/go-backend-test/internal/handler.MakerDetailsGet (5 handlers)
[GIN-debug] POST   /go/Maker/DetailsRegister --> github.com/WhatACotton/go-backend-test/internal/handler.MakerAccountRegister (5 handlers)
[GIN-debug] [WARNING] You trusted all proxies, this is NOT safe. We recommend you to set a value.
Please check https://pkg.go.dev/github.com/gin-gonic/gin#readme-don-t-trust-all-proxies for details.
[GIN-debug] Listening and serving HTTP on :8080
[GIN] 2023/09/29 - 15:54:44 | 200 |   23.468176ms |             ::1 | POST     "/go/PostCart"
[GIN] 2023/09/29 - 15:54:50 | 200 |   32.193759ms |       127.0.0.1 | POST     "/go/PostCart"
[GIN] 2023/09/29 - 15:55:00 | 200 |   30.842954ms |             ::1 | POST     "/go/PostCart"
[GIN] 2023/09/29 - 15:55:12 | 200 |    30.58408ms |       127.0.0.1 | POST     "/go/PostCart"
[GIN] 2023/09/29 - 16:05:19 | 200 |   23.536654ms |             ::1 | GET      "/go/GetCart"
[GIN] 2023/09/29 - 16:05:28 | 200 |   20.383453ms |       127.0.0.1 | GET      "/go/GetCart"
[GIN] 2023/09/29 - 16:05:51 | 401 |   10.740364ms |             ::1 | GET      "/go/GetCustomer"
[GIN] 2023/09/29 - 16:05:57 | 200 |  364.840835ms |       127.0.0.1 | POST     "/go/Login"
[GIN] 2023/09/29 - 16:05:57 | 200 |   16.304846ms |             ::1 | GET      "/go/GetCustomer"
[GIN] 2023/09/29 - 16:06:09 | 200 |   31.730082ms |       127.0.0.1 | GET      "/go/GetCart"
